Степан ky 59
поле емейл НЕ содержит @ и .(точку)

32 lmwaib@mail.ru
НЕ присутсвуют все три поля

Мария 84 esey@mail.ru
поле емейл НЕ содержит @ и .(точку)


НЕ присутсвуют все три поля

Пенг tzyqfcitfigvam 98
поле емейл НЕ содержит @ и .(точку)

Ли ppoohrkgik 142
поле емейл НЕ содержит @ и .(точку)


НЕ присутсвуют все три поля

Ли oiasfigvam 11
поле емейл НЕ содержит @ и .(точку)

84
НЕ присутсвуют все три поля

100 kqmoh@mail.ru
НЕ присутсвуют все три поля

Джигурда ntvuwh 94
поле емейл НЕ содержит @ и .(точку)


НЕ присутсвуют все три поля

Геннадий 70
НЕ присутсвуют все три поля

Анна foycgfigvam 20
поле емейл НЕ содержит @ и .(точку)


НЕ присутсвуют все три поля

Джамшут kfc 40
поле емейл НЕ содержит @ и .(точку)

Ли 112 vdsy@mail.ru
поле емейл НЕ содержит @ и .(точку)

szozws@gmail.com
НЕ присутсвуют все три поля


НЕ присутсвуют все три поля

114
НЕ присутсвуют все три поля

6 pihspjscc@gmail.com
НЕ присутсвуют все три поля

Земфира bgbnnnwzfigvam 80
поле емейл НЕ содержит @ и .(точку)

Ли
НЕ присутсвуют все три поля

Гнойный rbxelphdfigvam 141
поле емейл НЕ содержит @ и .(точку)

Равшан vu@mail.ru
НЕ присутсвуют все три поля

Джамшут
НЕ присутсвуют все три поля

Равшан nkb@gmail.com
НЕ присутсвуют все три поля

Гнойный stfrxiwkpe@gmail.com
НЕ присутсвуют все три поля

Ли 8 lqzocwl@mail.ru
поле емейл НЕ содержит @ и .(точку)

Ольга jzztfigvam 64
поле емейл НЕ содержит @ и .(точку)

Степан xksfhicn@gmail.com
НЕ присутсвуют все три поля

Бузова
НЕ присутсвуют все три поля

Джамшут 85 yhihzkamhj@mail.ru
поле емейл НЕ содержит @ и .(точку)


НЕ присутсвуют все три поля

Ярослав vtq 90
поле емейл НЕ содержит @ и .(точку)

Пенг nlxetmbctfigvam 88
поле емейл НЕ содержит @ и .(точку)

Геннадий ceahtetz 31
поле емейл НЕ содержит @ и .(точку)

Геннадий sdlvehkjwfigvam 11
поле емейл НЕ содержит @ и .(точку)


НЕ присутсвуют все три поля


НЕ присутсвуют все три поля

Артём fufmngwfigvam 24
поле емейл НЕ содержит @ и .(точку)

18
НЕ присутсвуют все три поля

Анна 87 tjbsuaqeij@mail.ru
поле емейл НЕ содержит @ и .(точку)

Анна 139 gsfpjtpu@mail.ru
поле емейл НЕ содержит @ и .(точку)

Земфира qfp 81
поле емейл НЕ содержит @ и .(точку)


НЕ присутсвуют все три поля

Михаил 140
НЕ присутсвуют все три поля

Михаил pwys 4
поле емейл НЕ содержит @ и .(точку)

Сянцзян bmac 85
поле емейл НЕ содержит @ и .(точку)


НЕ присутсвуют все три поля

Чонгкун 95 gjbskxdkfigvam
поле емейл НЕ содержит @ и .(точку)

85
НЕ присутсвуют все три поля

Михаил 122 tnbsqbqph@mail.ru
поле емейл НЕ содержит @ и .(точку)


НЕ присутсвуют все три поля

Джигурда 108 vcdg@ya.ru
поле емейл НЕ содержит @ и .(точку)

49
НЕ присутсвуют все три поля

Хенг qhgqhwdou@ya.ru
НЕ присутсвуют все три поля

sszgsif@ya.ru
НЕ присутсвуют все три поля

Гнойный 28 kjylwig@gmail.com
поле емейл НЕ содержит @ и .(точку)

Нагиев 141 ksclybha@ya.ru
поле емейл НЕ содержит @ и .(точку)

Ли kjeijr 86
поле емейл НЕ содержит @ и .(точку)

Ольга 112
НЕ присутсвуют все три поля

rnneuvnkuq@ya.ru
НЕ присутсвуют все три поля

Ольга tqz 31
поле емейл НЕ содержит @ и .(точку)

6
НЕ присутсвуют все три поля

Михаил suuxrwmdup@mail.ru
НЕ присутсвуют все три поля


НЕ присутсвуют все три поля

Ли cnenvqixfigvam 75
поле емейл НЕ содержит @ и .(точку)

Гнойный svbl@ya.ru
НЕ присутсвуют все три поля

Джамшут kntebz 137
поле емейл НЕ содержит @ и .(точку)

Тролль yazlktxksy 125
поле емейл НЕ содержит @ и .(точку)

Артём pcyaylecdp 10
поле емейл НЕ содержит @ и .(точку)

Джигурда 142 jp@gmail.com
поле емейл НЕ содержит @ и .(точку)

Пенг iru 69
поле емейл НЕ содержит @ и .(точку)

Земфира thfjjam 32
поле емейл НЕ содержит @ и .(точку)

svrlbuyt@gmail.com
НЕ присутсвуют все три поля

Ли 148 gnfkppro@gmail.com
поле емейл НЕ содержит @ и .(точку)

Ли
НЕ присутсвуют все три поля

Геннадий 63 cy@gmail.com
поле емейл НЕ содержит @ и .(точку)

Степан fysquqxop 66
поле емейл НЕ содержит @ и .(точку)

10
НЕ присутсвуют все три поля

Степан nmlczsgj@gmail.com
НЕ присутсвуют все три поля

62 prkf@gmail.com
НЕ присутсвуют все три поля

Дмитрий msvvsohufigvam 148
поле емейл НЕ содержит @ и .(точку)

Гнойный 6 lbtu@ya.ru
поле емейл НЕ содержит @ и .(точку)

77
НЕ присутсвуют все три поля

134
НЕ присутсвуют все три поля

98 gcuxhm@ya.ru
НЕ присутсвуют все три поля

olntfwja@ya.ru
НЕ присутсвуют все три поля

82
НЕ присутсвуют все три поля

118 ereuqwvy@ya.ru
НЕ присутсвуют все три поля

Гнойный 86 fj@ya.ru
поле емейл НЕ содержит @ и .(точку)

Ли ienntshosefigvam 126
поле емейл НЕ содержит @ и .(точку)

Геннадий hfo 76
поле емейл НЕ содержит @ и .(точку)

Равшан nrgfigvam 108
поле емейл НЕ содержит @ и .(точку)

Ольга 42
НЕ присутсвуют все три поля


НЕ присутсвуют все три поля


НЕ присутсвуют все три поля

Яочуан ecbdyw 60
поле емейл НЕ содержит @ и .(точку)

42
НЕ присутсвуют все три поля

Волочкова 4 fs@gmail.com
поле емейл НЕ содержит @ и .(точку)

Ван ri 28
поле емейл НЕ содержит @ и .(точку)


НЕ присутсвуют все три поля

Ли 130 gnqdxd@ya.ru
поле емейл НЕ содержит @ и .(точку)


НЕ присутсвуют все три поля

Артём mwcwi 61
поле емейл НЕ содержит @ и .(точку)

Ольга ylmsbg@mail.ru
НЕ присутсвуют все три поля

47 hoejbllhb@mail.ru
НЕ присутсвуют все три поля

Муммий kroj 66
поле емейл НЕ содержит @ и .(точку)

uqpyy@gmail.com
НЕ присутсвуют все три поля

Ольга raoegy 42
поле емейл НЕ содержит @ и .(точку)

143
НЕ присутсвуют все три поля

Джамшут prufigvam 30
поле емейл НЕ содержит @ и .(точку)

146 ultgcrrsyd@gmail.com
НЕ присутсвуют все три поля


НЕ присутсвуют все три поля


НЕ присутсвуют все три поля

wewteqjmbv@gmail.com
НЕ присутсвуют все три поля

Ли 8 zv@ya.ru
поле емейл НЕ содержит @ и .(точку)

Ольга srirfigvam 86
поле емейл НЕ содержит @ и .(точку)

Ли
НЕ присутсвуют все три поля

Ли
НЕ присутсвуют все три поля

63
НЕ присутсвуют все три поля


НЕ присутсвуют все три поля

144
НЕ присутсвуют все три поля

83 ndvtduby@ya.ru
НЕ присутсвуют все три поля

13
НЕ присутсвуют все три поля

111
НЕ присутсвуют все три поля

Равшан
НЕ присутсвуют все три поля

77
НЕ присутсвуют все три поля

Михаил 73
НЕ присутсвуют все три поля

133
НЕ присутсвуют все три поля


НЕ присутсвуют все три поля

Владимир mchakediwfigvam 28
поле емейл НЕ содержит @ и .(точку)

90
НЕ присутсвуют все три поля

Ван hcfigvam 50
поле емейл НЕ содержит @ и .(точку)

3
НЕ присутсвуют все три поля


НЕ присутсвуют все три поля

Владимир 107
НЕ присутсвуют все три поля

Ярослав 12 xopp@ya.ru
поле емейл НЕ содержит @ и .(точку)

Дмитрий 55 ntrkw@ya.ru
поле емейл НЕ содержит @ и .(точку)

Земфира 121
НЕ присутсвуют все три поля

Анна dvzwfrwihfigvam 99
поле емейл НЕ содержит @ и .(точку)

Чонгкун 96
НЕ присутсвуют все три поля

Нагиев nxmtrmbnxrfigvam 97
поле емейл НЕ содержит @ и .(точку)

Ван 7 xd@ya.ru
поле емейл НЕ содержит @ и .(точку)

Чонгкун xfbdcjmhsfigvam 30
поле емейл НЕ содержит @ и .(точку)

Муммий flbcsrgc 87
поле емейл НЕ содержит @ и .(точку)

Мария xbukipt 12
поле емейл НЕ содержит @ и .(точку)

Михаил iyxmljrorlfigvam 83
поле емейл НЕ содержит @ и .(точку)

Тролль
НЕ присутсвуют все три поля

Владимир 97
НЕ присутсвуют все три поля

Дмитрий hgopfigvam 140
поле емейл НЕ содержит @ и .(точку)


НЕ присутсвуют все три поля

Геннадий jewqfigvam 132
поле емейл НЕ содержит @ и .(точку)

Волочкова qcopaxdp@ya.ru
НЕ присутсвуют все три поля

Ван umozztngyfigvam 40
поле емейл НЕ содержит @ и .(точку)

Дмитрий pcnnjkxzfigvam 129
поле емейл НЕ содержит @ и .(точку)

50 nz@mail.ru
НЕ присутсвуют все три поля

101
НЕ присутсвуют все три поля

Михаил vshhvhzkfigvam 138
поле емейл НЕ содержит @ и .(точку)

Хенг 13 kicriaoeas@gmail.com
поле емейл НЕ содержит @ и .(точку)

Тролль hzvrmkpfeqfigvam 140
поле емейл НЕ содержит @ и .(точку)

117
НЕ присутсвуют все три поля

113
НЕ присутсвуют все три поля

Земфира vcpgcxe 129
поле емейл НЕ содержит @ и .(точку)

102
НЕ присутсвуют все три поля

138 qg@mail.ru
НЕ присутсвуют все три поля

Степан 52 mhvbf@mail.ru
поле емейл НЕ содержит @ и .(точку)

Ли 136 mriwsteh
поле емейл НЕ содержит @ и .(точку)

Чехова 131 tpgiwxpet@mail.ru
поле емейл НЕ содержит @ и .(точку)

Ли loqxt 10
поле емейл НЕ содержит @ и .(точку)


НЕ присутсвуют все три поля

agvobvr@mail.ru
НЕ присутсвуют все три поля

Дмитрий fsfigvam 30
поле емейл НЕ содержит @ и .(точку)

Нагиев 87
НЕ присутсвуют все три поля

cpbytheah@mail.ru
НЕ присутсвуют все три поля

Ли
НЕ присутсвуют все три поля

ybjqbgp@mail.ru
НЕ присутсвуют все три поля

Нагиев yljsd 110
поле емейл НЕ содержит @ и .(точку)

141 nfsqhyxv@mail.ru
НЕ присутсвуют все три поля

129
НЕ присутсвуют все три поля

Волочкова 101 tgly@mail.ru
поле емейл НЕ содержит @ и .(точку)

Бузова
НЕ присутсвуют все три поля

Равшан 107 wuhjgqty@mail.ru
поле емейл НЕ содержит @ и .(точку)

15 cmtnrpit@gmail.com
НЕ присутсвуют все три поля

Равшан wtpfigvam 33
поле емейл НЕ содержит @ и .(точку)


НЕ присутсвуют все три поля

56 ggwydsie@gmail.com
НЕ присутсвуют все три поля

Чехова
НЕ присутсвуют все три поля

Геннадий 82 uwgn@ya.ru
поле емейл НЕ содержит @ и .(точку)


НЕ присутсвуют все три поля

Равшан 105
НЕ присутсвуют все три поля


НЕ присутсвуют все три поля

Яочуан 22 jfzjerzm@ya.ru
поле емейл НЕ содержит @ и .(точку)

Чонгкун 147 heevtbp@mail.ru
поле емейл НЕ содержит @ и .(точку)

Волочкова 100
НЕ присутсвуют все три поля

Артём qakfigvam 10
поле емейл НЕ содержит @ и .(точку)

Яочуан 129
НЕ присутсвуют все три поля

Чехова
НЕ присутсвуют все три поля


НЕ присутсвуют все три поля

Джамшут 58 deqqjvr@mail.ru
поле емейл НЕ содержит @ и .(точку)


НЕ присутсвуют все три поля


НЕ присутсвуют все три поля

131
НЕ присутсвуют все три поля

126
НЕ присутсвуют все три поля

97
НЕ присутсвуют все три поля


НЕ присутсвуют все три поля

30 dd@ya.ru
НЕ присутсвуют все три поля

iscwls@mail.ru
НЕ присутсвуют все три поля

Геннадий hnbfigvam 91
поле емейл НЕ содержит @ и .(точку)

Джигурда ikdexopfigvam 36
поле емейл НЕ содержит @ и .(точку)

Анна 32 ypbr@ya.ru
поле емейл НЕ содержит @ и .(точку)


НЕ присутсвуют все три поля

Гнойный jvhsfmenfigvam 66
поле емейл НЕ содержит @ и .(точку)

Яочуан igs 94
поле емейл НЕ содержит @ и .(точку)

5
НЕ присутсвуют все три поля

Джамшут kewzicxrnvfigvam 51
поле емейл НЕ содержит @ и .(точку)

Чонгкун zzvnzjfigvam 19
поле емейл НЕ содержит @ и .(точку)


НЕ присутсвуют все три поля

Земфира wasrqvxns 149
поле емейл НЕ содержит @ и .(точку)

kxfxiixqkx@mail.ru
НЕ присутсвуют все три поля

Ярослав jebog 74
поле емейл НЕ содержит @ и .(точку)

Чонгкун wg@mail.ru
НЕ присутсвуют все три поля

Яочуан 88 ikbtseq@ya.ru
поле емейл НЕ содержит @ и .(точку)

Мария
НЕ присутсвуют все три поля


НЕ присутсвуют все три поля

Чехова
НЕ присутсвуют все три поля

Анна 119 fexcxtfa@ya.ru
поле емейл НЕ содержит @ и .(точку)

Артём 55 qtidgm@ya.ru
поле емейл НЕ содержит @ и .(точку)

Волочкова kxcjfigvam 32
поле емейл НЕ содержит @ и .(точку)

46 knt@mail.ru
НЕ присутсвуют все три поля

Ольга nykbtlfigvam 113
поле емейл НЕ содержит @ и .(точку)

Тролль 8 vy@mail.ru
поле емейл НЕ содержит @ и .(точку)

Ольга 19
НЕ присутсвуют все три поля

Гнойный lxtl 26
поле емейл НЕ содержит @ и .(точку)

Степан 137
НЕ присутсвуют все три поля


НЕ присутсвуют все три поля


НЕ присутсвуют все три поля

Ван kflbhfigvam 139
поле емейл НЕ содержит @ и .(точку)

Дмитрий jcf 24
поле емейл НЕ содержит @ и .(точку)

Артём 129
НЕ присутсвуют все три поля

36
НЕ присутсвуют все три поля

kgzptyc@gmail.com
НЕ присутсвуют все три поля

Геннадий 62 qoe@gmail.com
поле емейл НЕ содержит @ и .(точку)

Хенг plobbkhfigvam 92
поле емейл НЕ содержит @ и .(точку)


НЕ присутсвуют все три поля

Земфира 18
НЕ присутсвуют все три поля

Равшан 93 evyhc@mail.ru
поле емейл НЕ содержит @ и .(точку)

Геннадий 7
НЕ присутсвуют все три поля

Геннадий fboufvjna 7
поле емейл НЕ содержит @ и .(точку)

Сянцзян cgirs 51
поле емейл НЕ содержит @ и .(точку)

Ван 22 jgcjseqdap@mail.ru
поле емейл НЕ содержит @ и .(точку)


НЕ присутсвуют все три поля

Ван 55 nopdpm@ya.ru
поле емейл НЕ содержит @ и .(точку)


НЕ присутсвуют все три поля

Бузова 146
НЕ присутсвуют все три поля


НЕ присутсвуют все три поля

Волочкова ssws 131
поле емейл НЕ содержит @ и .(точку)

14 jgyipipd@mail.ru
НЕ присутсвуют все три поля


НЕ присутсвуют все три поля

Хенг 6 ogogbyvjqa@ya.ru
поле емейл НЕ содержит @ и .(точку)

Степан lfhfigvam 121
поле емейл НЕ содержит @ и .(точку)

Артём qnkm 76
поле емейл НЕ содержит @ и .(точку)

112
НЕ присутсвуют все три поля

107 bb@mail.ru
НЕ присутсвуют все три поля

Муммий dehrytapi 115
поле емейл НЕ содержит @ и .(точку)


НЕ присутсвуют все три поля

Сянцзян ciu 70
поле емейл НЕ содержит @ и .(точку)


НЕ присутсвуют все три поля

87
НЕ присутсвуют все три поля

ejgooayrv@mail.ru
НЕ присутсвуют все три поля

Артём 88 febb@ya.ru
поле емейл НЕ содержит @ и .(точку)


НЕ присутсвуют все три поля


НЕ присутсвуют все три поля


НЕ присутсвуют все три поля

owjaajw@mail.ru
НЕ присутсвуют все три поля

Гнойный fjlrym 29
поле емейл НЕ содержит @ и .(точку)

Сянцзян jq@gmail.com
НЕ присутсвуют все три поля

Джамшут gjbkcaii 144
поле емейл НЕ содержит @ и .(точку)

Тролль 136 hzw@gmail.com
поле емейл НЕ содержит @ и .(точку)

Нагиев ejoaxlgoufigvam 126
поле емейл НЕ содержит @ и .(точку)


НЕ присутсвуют все три поля

Муммий oaxfigvam 120
поле емейл НЕ содержит @ и .(точку)


НЕ присутсвуют все три поля

Нагиев
НЕ присутсвуют все три поля

Дмитрий ypwlitbqvwfigvam 81
поле емейл НЕ содержит @ и .(точку)

80 ymaxeliarj@ya.ru
НЕ присутсвуют все три поля

Ван ym 136
поле емейл НЕ содержит @ и .(точку)

Волочкова fjuilumo 32
поле емейл НЕ содержит @ и .(точку)

mngkagkbtg@gmail.com
НЕ присутсвуют все три поля

Мария nc@gmail.com
НЕ присутсвуют все три поля

Ярослав vc 34
поле емейл НЕ содержит @ и .(точку)

Ли ih 150
поле емейл НЕ содержит @ и .(точку)

99
НЕ присутсвуют все три поля

93
НЕ присутсвуют все три поля

Геннадий kzfigvam 55
поле емейл НЕ содержит @ и .(точку)

uhdbu@mail.ru
НЕ присутсвуют все три поля

Чехова 113
НЕ присутсвуют все три поля


НЕ присутсвуют все три поля

65 ezk@gmail.com
НЕ присутсвуют все три поля

Дмитрий
НЕ присутсвуют все три поля

Земфира jqsuiethvsfigvam 94
поле емейл НЕ содержит @ и .(точку)

Яочуан 8 qcf@ya.ru
поле емейл НЕ содержит @ и .(точку)


НЕ присутсвуют все три поля

Владимир
НЕ присутсвуют все три поля

Михаил 10
НЕ присутсвуют все три поля

Чонгкун
НЕ присутсвуют все три поля


НЕ присутсвуют все три поля

Чехова huqobqc@mail.ru
НЕ присутсвуют все три поля

Сянцзян
НЕ присутсвуют все три поля

Пенг
НЕ присутсвуют все три поля

Волочкова mknifigvam 36
поле емейл НЕ содержит @ и .(точку)

Геннадий prras 69
поле емейл НЕ содержит @ и .(точку)

130
НЕ присутсвуют все три поля

Ярослав tizanpv 79
поле емейл НЕ содержит @ и .(точку)

Геннадий 95
НЕ присутсвуют все три поля

uzwykma@ya.ru
НЕ присутсвуют все три поля


НЕ присутсвуют все три поля

Сянцзян 146 stgpc@mail.ru
поле емейл НЕ содержит @ и .(точку)

Чехова 129 juee@mail.ru
поле емейл НЕ содержит @ и .(точку)


НЕ присутсвуют все три поля

ffmpsyec@ya.ru
НЕ присутсвуют все три поля

76 yaopefnl@ya.ru
НЕ присутсвуют все три поля

45 bvccuqc@mail.ru
НЕ присутсвуют все три поля

Ли 75
НЕ присутсвуют все три поля

Анна tuk 58
поле емейл НЕ содержит @ и .(точку)

Нагиев 8 txjlbbrry@gmail.com
поле емейл НЕ содержит @ и .(точку)

Земфира 27 ugvcfouep@gmail.com
поле емейл НЕ содержит @ и .(точку)

Артём nenrkg 127
поле емейл НЕ содержит @ и .(точку)

Джигурда svjfigvam 9
поле емейл НЕ содержит @ и .(точку)

xnbijie@mail.ru
НЕ присутсвуют все три поля

113 qc@ya.ru
НЕ присутсвуют все три поля

Михаил 11
НЕ присутсвуют все три поля

Ван nzleafoqxt@ya.ru
НЕ присутсвуют все три поля

Пенг tnxoigdmfigvam 86
поле емейл НЕ содержит @ и .(точку)

Чехова cqglvikwrc 69
поле емейл НЕ содержит @ и .(точку)

Хенг depdrtokh 83
поле емейл НЕ содержит @ и .(точку)


НЕ присутсвуют все три поля

Геннадий ksna 64
поле емейл НЕ содержит @ и .(точку)

Тролль delkswdgqh@gmail.com
НЕ присутсвуют все три поля

95 hagpmhru@gmail.com
НЕ присутсвуют все три поля

Тролль aevtfigvam 103
поле емейл НЕ содержит @ и .(точку)

Волочкова 11 cwiinxbojd@gmail.com
поле емейл НЕ содержит @ и .(точку)


НЕ присутсвуют все три поля

Дмитрий mxjyith 137
поле емейл НЕ содержит @ и .(точку)

Гнойный 43 gxopkqfx@mail.ru
поле емейл НЕ содержит @ и .(точку)

Ван jouht 41
поле емейл НЕ содержит @ и .(точку)

Михаил
НЕ присутсвуют все три поля

Ольга nxgxiqbpufigvam 75
поле емейл НЕ содержит @ и .(точку)

Джигурда bnqmijgdktfigvam 89
поле емейл НЕ содержит @ и .(точку)

vcyyfijz@ya.ru
НЕ присутсвуют все три поля


НЕ присутсвуют все три поля

Ольга 58 est@ya.ru
поле емейл НЕ содержит @ и .(точку)

Владимир 81
НЕ присутсвуют все три поля

Ли hfge 128
поле емейл НЕ содержит @ и .(точку)

tzxak@gmail.com
НЕ присутсвуют все три поля

Степан 117 zcrcsztr@gmail.com
поле емейл НЕ содержит @ и .(точку)

Ярослав fgwinfsvhk@ya.ru
НЕ присутсвуют все три поля

Равшан kbjmp 124
поле емейл НЕ содержит @ и .(точку)

Степан swcoopllww 36
поле емейл НЕ содержит @ и .(точку)

vghlw@ya.ru
НЕ присутсвуют все три поля

129
НЕ присутсвуют все три поля

Земфира egqtcgcdqa 127
поле емейл НЕ содержит @ и .(точку)

Чонгкун 41
НЕ присутсвуют все три поля

Равшан jgrukcwfigvam 144
поле емейл НЕ содержит @ и .(точку)

51 htwdgznavv@ya.ru
НЕ присутсвуют все три поля


НЕ присутсвуют все три поля

kdjhud@gmail.com
НЕ присутсвуют все три поля

Волочкова 69
НЕ присутсвуют все три поля

Равшан azsqccfx 81
поле емейл НЕ содержит @ и .(точку)

avrgsklcl@mail.ru
НЕ присутсвуют все три поля

Артём 115 kzt@mail.ru
поле емейл НЕ содержит @ и .(точку)

Джигурда zxllbfa 54
поле емейл НЕ содержит @ и .(точку)

130 etxsuxnn@ya.ru
НЕ присутсвуют все три поля


НЕ присутсвуют все три поля

141 jefaphil@gmail.com
НЕ присутсвуют все три поля

Пенг 90 dfnus@ya.ru
поле емейл НЕ содержит @ и .(точку)

Джамшут syrknfjjzfigvam 5
поле емейл НЕ содержит @ и .(точку)

30
НЕ присутсвуют все три поля


НЕ присутсвуют все три поля

Чонгкун 79
НЕ присутсвуют все три поля

Земфира 70 ccerney@ya.ru
поле емейл НЕ содержит @ и .(точку)

Чехова 47
НЕ присутсвуют все три поля

25 aw@mail.ru
НЕ присутсвуют все три поля

114
НЕ присутсвуют все три поля

Ярослав 150
НЕ присутсвуют все три поля

Нагиев 5
НЕ присутсвуют все три поля

Ольга dmxhmdfigvam 90
поле емейл НЕ содержит @ и .(точку)

Чехова uvjfigvam 50
поле емейл НЕ содержит @ и .(точку)

fobycm@gmail.com
НЕ присутсвуют все три поля


НЕ присутсвуют все три поля


НЕ присутсвуют все три поля

Чехова 116
НЕ присутсвуют все три поля

Мария oaqsckym 108
поле емейл НЕ содержит @ и .(точку)

Бузова vpvkfigvam 38
поле емейл НЕ содержит @ и .(точку)

20 zxwossbh@mail.ru
НЕ присутсвуют все три поля

Бузова obh 120
поле емейл НЕ содержит @ и .(точку)

Ольга eurc 147
поле емейл НЕ содержит @ и .(точку)

Сянцзян efw@gmail.com
НЕ присутсвуют все три поля

Муммий 27
НЕ присутсвуют все три поля


НЕ присутсвуют все три поля

Равшан 35 ofdlmej@gmail.com
поле емейл НЕ содержит @ и .(точку)

Муммий 77 pqtmptomb@ya.ru
поле емейл НЕ содержит @ и .(точку)


НЕ присутсвуют все три поля

Анна lem 106
поле емейл НЕ содержит @ и .(точку)

Земфира nsmztmtx 56
поле емейл НЕ содержит @ и .(точку)

Равшан 3
НЕ присутсвуют все три поля

Бузова aoivhha@mail.ru
НЕ присутсвуют все три поля

Тролль 72
НЕ присутсвуют все три поля

Яочуан doqvvvzjsjfigvam 72
поле емейл НЕ содержит @ и .(точку)

Ван zz 38
поле емейл НЕ содержит @ и .(точку)

Чонгкун42 iyfvfnmfigvam 101
поле емейл НЕ содержит @ и .(точку)

mnlzwm@gmail.com
НЕ присутсвуют все три поля

Земфира 60 pb@gmail.com
поле емейл НЕ содержит @ и .(точку)

Ли
НЕ присутсвуют все три поля


НЕ присутсвуют все три поля

Чонгкун vmflsqzffigvam 113
поле емейл НЕ содержит @ и .(точку)

Ли42 dkuifigvam 131
поле емейл НЕ содержит @ и .(точку)

Яочуан vk 48
поле емейл НЕ содержит @ и .(точку)

Артём 56 ajacsghgr@mail.ru
поле емейл НЕ содержит @ и .(точку)


НЕ присутсвуют все три поля

Чехова pylfigvam 138
поле емейл НЕ содержит @ и .(точку)

Дмитрий 23 dklpkwpf@ya.ru
поле емейл НЕ содержит @ и .(точку)

Муммий iofigvam 65
поле емейл НЕ содержит @ и .(точку)

48
НЕ присутсвуют все три поля

Джигурда whfmfkhctfigvam 13
поле емейл НЕ содержит @ и .(точку)

Джигурда 118 si@gmail.com
поле емейл НЕ содержит @ и .(точку)


НЕ присутсвуют все три поля

Ван 146 jnhds@ya.ru
поле емейл НЕ содержит @ и .(точку)

Хенг 116 tqkpforkd@mail.ru
поле емейл НЕ содержит @ и .(точку)

Михаил 30 hju@gmail.com
поле емейл НЕ содержит @ и .(точку)

Михаил iyp 10
поле емейл НЕ содержит @ и .(точку)

Ли eud 8
поле емейл НЕ содержит @ и .(точку)

Артём 145
НЕ присутсвуют все три поля

Тролль 68 bbmdqbunqu@ya.ru
поле емейл НЕ содержит @ и .(точку)

Ли ralr 22
поле емейл НЕ содержит @ и .(точку)

Сянцзян whdvpsbsvfigvam 101
поле емейл НЕ содержит @ и .(точку)

98
НЕ присутсвуют все три поля

Бузова cgsksquufigvam 107
поле емейл НЕ содержит @ и .(точку)

